C51 COMPILER V9.01   PCA                                                                   12/09/2018 21:09:03 PAGE 1   


C51 COMPILER V9.01, COMPILATION OF MODULE PCA
OBJECT MODULE PLACED IN PCA.OBJ
COMPILER INVOKED BY: E:\Keil_v4\C51\BIN\C51.EXE PCA.c LARGE BROWSE DEBUG OBJECTEXTEND

line level    source

   1          #include "PCA.h"
   2          void PCAInit()
   3          {
   4   1          CCON = 0x00;
   5   1          CMOD = 0x09;                                //PCA时钟为系统时钟,使能PCA计时中断
   6   1          CL = 0x00;
   7   1          CH = 0x00;
   8   1          CCAPM3 = 0x21;                              //PCA模块0为16位捕获模式（上升沿捕获）
   9   1          CCAP3L = 0x00;
  10   1          CCAP3H = 0x00;
  11   1          CR = 1;                                     //启动PCA计时器
  12   1          //EA = 1;
  13   1      }
  14          


MODULE INFORMATION:   STATIC OVERLAYABLE
   CODE SIZE        =     20    ----
   CONSTANT SIZE    =   ----    ----
   XDATA SIZE       =   ----    ----
   PDATA SIZE       =   ----    ----
   DATA SIZE        =   ----    ----
   IDATA SIZE       =   ----    ----
   BIT SIZE         =   ----    ----
END OF MODULE INFORMATION.


C51 COMPILATION COMPLETE.  0 WARNING(S),  0 ERROR(S)
