C51 COMPILER V9.01   TIMER                                                                 12/09/2018 21:09:03 PAGE 1   


C51 COMPILER V9.01, COMPILATION OF MODULE TIMER
OBJECT MODULE PLACED IN Timer.OBJ
COMPILER INVOKED BY: E:\Keil_v4\C51\BIN\C51.EXE Timer.c LARGE BROWSE DEBUG OBJECTEXTEND

line level    source

   1          #include "Timer.h"
   2          
   3          void Timer0Init()       //106微秒@11.0592MHz
   4          {
   5   1              AUXR |= 0x80;   //定时器时钟1T模式
   6   1              TMOD &= 0xF0;   //设置定时器模式
   7   1              TMOD |= 0x01;   //设置定时器模式
   8   1              TL0 = 0x6C;             //设置定时初值 106
   9   1              TH0 = 0xFB;             //设置定时初值
  10   1              TF0 = 0;                //清除TF0标志
  11   1              TR0 = 1;                //定时器0开始计时
  12   1              ET0 = 1;
  13   1              //INTCLKO = 1;    //开启定时器0分频输出
  14   1      }
  15          
  16          void Timer1Init()       //10毫秒@11.0592MHz
  17          {
  18   1              AUXR &= 0xBF;   //定时器时钟12T模式
  19   1              TMOD &= 0x0F;   //设置定时器模式
  20   1              TL1 = 0x00;             //设置定时初值
  21   1              TH1 = 0xDC;             //设置定时初值
  22   1              TF1 = 0;                //清除TF1标志
  23   1              TR1 = 1;                //定时器1开始计时
  24   1              ET1 = 1;
  25   1      
  26   1          //设置定时器1为高优先级
  27   1          IP  |= 0x08;
  28   1          IPH |= 0x08;
  29   1      }
  30          
  31          void Timer3Init()               //1毫秒@11.0592MHz
  32          {
  33   1          T4T3M &= 0xFD;              //定时器时钟12T模式
  34   1              T3L = 0x66;                 //设置定时初值
  35   1              T3H = 0xFC;                 //设置定时初值
  36   1              IE2 = 0x20;         //打开T3中断
  37   1              T4T3M |= 0x08;          //定时器3开始计时
  38   1      }
  39          
  40          void StartT3()
  41          {
  42   1         T4T3M |= 0x08;               //定时器3开始计时
  43   1      }
  44          
  45          void StopT3()
  46          {
  47   1         T4T3M &= 0xf7;               //定时器3停止计时
  48   1      }


MODULE INFORMATION:   STATIC OVERLAYABLE
   CODE SIZE        =     71    ----
   CONSTANT SIZE    =   ----    ----
   XDATA SIZE       =   ----    ----
   PDATA SIZE       =   ----    ----
C51 COMPILER V9.01   TIMER                                                                 12/09/2018 21:09:03 PAGE 2   

   DATA SIZE        =   ----    ----
   IDATA SIZE       =   ----    ----
   BIT SIZE         =   ----    ----
END OF MODULE INFORMATION.


C51 COMPILATION COMPLETE.  0 WARNING(S),  0 ERROR(S)
